This file contains any messages produced by compilers while
running configure, to aid debugging if configure makes a mistake.

It was created by ppcg configure 0.08.3, which was
generated by GNU Autoconf 2.69.  Invocation command line was

  $ ./src/configure 

## --------- ##
## Platform. ##
## --------- ##

hostname = u14-jaywang
uname -m = x86_64
uname -r = 4.4.0-169-generic
uname -s = Linux
uname -v = #198-Ubuntu SMP Tue Nov 12 10:38:00 UTC 2019

/usr/bin/uname -p = unknown
/bin/uname -X     = unknown

/bin/arch              = unknown
/usr/bin/arch -k       = unknown
/usr/convex/getsysinfo = unknown
/usr/bin/hostinfo      = unknown
/bin/machine           = unknown
/usr/bin/oslevel       = unknown
/bin/universe          = unknown

PATH: /usr/local/cuda-10.0/bin
PATH: /curr/jaywang/local/valgrind-3.15.0/bin
PATH: /curr/jaywang/flopoco-4.1.2
PATH: /curr/jaywang/local/tmux/bin
PATH: /space/MATLAB-R2017a/bin
PATH: /opt/novell/mono/bin
PATH: /opt/xilinx/xrt/bin
PATH: /usr/local/cuda-10.0/bin
PATH: /curr/jaywang/local/valgrind-3.15.0/bin
PATH: /curr/jaywang/flopoco-4.1.2
PATH: /curr/jaywang/local/tmux/bin
PATH: /space/MATLAB-R2017a/bin
PATH: /opt/novell/mono/bin
PATH: /opt/xilinx/xrt/bin
PATH: /usr/local/sbin
PATH: /usr/local/bin
PATH: /usr/sbin
PATH: /usr/bin
PATH: /sbin
PATH: /bin
PATH: /usr/games
PATH: /usr/local/games
PATH: /home/jie_local/llvm-3.8/bin
PATH: /curr/jaywang/research/rose-dev/rose-install/bin
PATH: /home/jie_local/llvm-3.8/bin
PATH: /curr/jaywang/research/rose-dev/rose-install/bin


## ----------- ##
## Core tests. ##
## ----------- ##

configure:2327: checking for a BSD-compatible install
configure:2395: result: /usr/bin/install -c
configure:2406: checking whether build environment is sane
configure:2461: result: yes
configure:2612: checking for a thread-safe mkdir -p
configure:2651: result: /usr/bin/mkdir -p
configure:2658: checking for gawk
configure:2688: result: no
configure:2658: checking for mawk
configure:2674: found /usr/bin/mawk
configure:2685: result: mawk
configure:2696: checking whether make sets $(MAKE)
configure:2718: result: yes
configure:2747: checking whether make supports nested variables
configure:2764: result: yes
configure:2901: checking whether make supports nested variables
configure:2918: result: yes
configure:2978: checking for gcc
configure:2994: found /usr/bin/gcc
configure:3005: result: gcc
configure:3234: checking for C compiler version
configure:3243: gcc --version >&5
gcc (Ubuntu 5.4.0-6ubuntu1~16.04.12) 5.4.0 20160609
Copyright (C) 2015 Free Software Foundation, Inc.
This is free software; see the source for copying conditions.  There is NO
warranty; not even for MERCHANTABILITY or FITNESS FOR A PARTICULAR PURPOSE.

configure:3254: $? = 0
configure:3243: gcc -v >&5
Using built-in specs.
COLLECT_GCC=gcc
COLLECT_LTO_WRAPPER=/usr/lib/gcc/x86_64-linux-gnu/5/lto-wrapper
Target: x86_64-linux-gnu
Configured with: ../src/configure -v --with-pkgversion='Ubuntu 5.4.0-6ubuntu1~16.04.12' --with-bugurl=file:///usr/share/doc/gcc-5/README.Bugs --enable-languages=c,ada,c++,java,go,d,fortran,objc,obj-c++ --prefix=/usr --program-suffix=-5 --enable-shared --enable-linker-build-id --libexecdir=/usr/lib --without-included-gettext --enable-threads=posix --libdir=/usr/lib --enable-nls --with-sysroot=/ --enable-clocale=gnu --enable-libstdcxx-debug --enable-libstdcxx-time=yes --with-default-libstdcxx-abi=new --enable-gnu-unique-object --disable-vtable-verify --enable-libmpx --enable-plugin --with-system-zlib --disable-browser-plugin --enable-java-awt=gtk --enable-gtk-cairo --with-java-home=/usr/lib/jvm/java-1.5.0-gcj-5-amd64/jre --enable-java-home --with-jvm-root-dir=/usr/lib/jvm/java-1.5.0-gcj-5-amd64 --with-jvm-jar-dir=/usr/lib/jvm-exports/java-1.5.0-gcj-5-amd64 --with-arch-directory=amd64 --with-ecj-jar=/usr/share/java/eclipse-ecj.jar --enable-objc-gc --enable-multiarch --disable-werror --with-arch-32=i686 --with-abi=m64 --with-multilib-list=m32,m64,mx32 --enable-multilib --with-tune=generic --enable-checking=release --build=x86_64-linux-gnu --host=x86_64-linux-gnu --target=x86_64-linux-gnu
Thread model: posix
gcc version 5.4.0 20160609 (Ubuntu 5.4.0-6ubuntu1~16.04.12) 
configure:3254: $? = 0
configure:3243: gcc -V >&5
gcc: error: unrecognized command line option '-V'
gcc: fatal error: no input files
compilation terminated.
configure:3254: $? = 1
configure:3243: gcc -qversion >&5
gcc: error: unrecognized command line option '-qversion'
gcc: fatal error: no input files
compilation terminated.
configure:3254: $? = 1
configure:3274: checking whether the C compiler works
configure:3296: gcc    conftest.c  >&5
configure:3300: $? = 0
configure:3348: result: yes
configure:3351: checking for C compiler default output file name
configure:3353: result: a.out
configure:3359: checking for suffix of executables
configure:3366: gcc -o conftest    conftest.c  >&5
configure:3370: $? = 0
configure:3392: result: 
configure:3414: checking whether we are cross compiling
configure:3422: gcc -o conftest    conftest.c  >&5
configure:3426: $? = 0
configure:3433: ./conftest
configure:3437: $? = 0
configure:3452: result: no
configure:3457: checking for suffix of object files
configure:3479: gcc -c   conftest.c >&5
configure:3483: $? = 0
configure:3504: result: o
configure:3508: checking whether we are using the GNU C compiler
configure:3527: gcc -c   conftest.c >&5
configure:3527: $? = 0
configure:3536: result: yes
configure:3545: checking whether gcc accepts -g
configure:3565: gcc -c -g  conftest.c >&5
configure:3565: $? = 0
configure:3606: result: yes
configure:3623: checking for gcc option to accept ISO C89
configure:3686: gcc  -c -g -O2  conftest.c >&5
configure:3686: $? = 0
configure:3699: result: none needed
configure:3724: checking whether gcc understands -c and -o together
configure:3746: gcc -c conftest.c -o conftest2.o
configure:3749: $? = 0
configure:3746: gcc -c conftest.c -o conftest2.o
configure:3749: $? = 0
configure:3761: result: yes
configure:3789: checking for style of include used by make
configure:3817: result: GNU
configure:3843: checking dependency style of gcc
configure:3954: result: gcc3
configure:3998: checking build system type
configure:4012: result: x86_64-pc-linux-gnu
configure:4032: checking host system type
configure:4045: result: x86_64-pc-linux-gnu
configure:4086: checking how to print strings
configure:4113: result: printf
configure:4134: checking for a sed that does not truncate output
configure:4198: result: /usr/bin/sed
configure:4216: checking for grep that handles long lines and -e
configure:4274: result: /bin/grep
configure:4279: checking for egrep
configure:4341: result: /bin/grep -E
configure:4346: checking for fgrep
configure:4408: result: /bin/grep -F
configure:4443: checking for ld used by gcc
configure:4510: result: /usr/bin/ld
configure:4517: checking if the linker (/usr/bin/ld) is GNU ld
configure:4532: result: yes
configure:4544: checking for BSD- or MS-compatible name lister (nm)
configure:4598: result: /usr/bin/nm -B
configure:4728: checking the name lister (/usr/bin/nm -B) interface
configure:4735: gcc -c -g -O2  conftest.c >&5
configure:4738: /usr/bin/nm -B "conftest.o"
configure:4741: output
0000000000000000 B some_variable
configure:4748: result: BSD nm
configure:4751: checking whether ln -s works
configure:4755: result: yes
configure:4763: checking the maximum length of command line arguments
configure:4894: result: 1572864
configure:4942: checking how to convert x86_64-pc-linux-gnu file names to x86_64-pc-linux-gnu format
configure:4982: result: func_convert_file_noop
configure:4989: checking how to convert x86_64-pc-linux-gnu file names to toolchain format
configure:5009: result: func_convert_file_noop
configure:5016: checking for /usr/bin/ld option to reload object files
configure:5023: result: -r
configure:5097: checking for objdump
configure:5113: found /usr/bin/objdump
configure:5124: result: objdump
configure:5156: checking how to recognize dependent libraries
configure:5356: result: pass_all
configure:5441: checking for dlltool
configure:5471: result: no
configure:5501: checking how to associate runtime and link libraries
configure:5528: result: printf %s\n
configure:5589: checking for ar
configure:5605: found /usr/bin/ar
configure:5616: result: ar
configure:5653: checking for archiver @FILE support
configure:5670: gcc -c -g -O2  conftest.c >&5
configure:5670: $? = 0
configure:5673: ar cru libconftest.a @conftest.lst >&5
ar: `u' modifier ignored since `D' is the default (see `U')
configure:5676: $? = 0
configure:5681: ar cru libconftest.a @conftest.lst >&5
ar: `u' modifier ignored since `D' is the default (see `U')
ar: conftest.o: No such file or directory
configure:5684: $? = 1
configure:5696: result: @
configure:5754: checking for strip
configure:5770: found /usr/bin/strip
configure:5781: result: strip
configure:5853: checking for ranlib
configure:5869: found /usr/bin/ranlib
configure:5880: result: ranlib
configure:5982: checking command to parse /usr/bin/nm -B output from gcc object
configure:6135: gcc -c -g -O2  conftest.c >&5
configure:6138: $? = 0
configure:6142: /usr/bin/nm -B conftest.o \| sed -n -e 's/^.*[ ]\([ABCDGIRSTW][ABCDGIRSTW]*\)[ ][ ]*\([_A-Za-z][_A-Za-z0-9]*\)$/\1 \2 \2/p' | sed '/ __gnu_lto/d' \> conftest.nm
configure:6145: $? = 0
configure:6211: gcc -o conftest -g -O2   conftest.c conftstm.o >&5
configure:6214: $? = 0
configure:6252: result: ok
configure:6299: checking for sysroot
configure:6329: result: no
configure:6336: checking for a working dd
configure:6374: result: /bin/dd
configure:6378: checking how to truncate binary pipes
configure:6393: result: /bin/dd bs=4096 count=1
configure:6529: gcc -c -g -O2  conftest.c >&5
configure:6532: $? = 0
configure:6722: checking for mt
configure:6738: found /bin/mt
configure:6749: result: mt
configure:6772: checking if mt is a manifest tool
configure:6778: mt '-?'
configure:6786: result: no
configure:7463: checking how to run the C preprocessor
configure:7494: gcc -E  conftest.c
configure:7494: $? = 0
configure:7508: gcc -E  conftest.c
conftest.c:11:28: fatal error: ac_nonexistent.h: No such file or directory
compilation terminated.
configure:7508: $? = 1
configure: failed program was:
| /* confdefs.h */
| #define PACKAGE_NAME "ppcg"
| #define PACKAGE_TARNAME "ppcg"
| #define PACKAGE_VERSION "0.08.3"
| #define PACKAGE_STRING "ppcg 0.08.3"
| #define PACKAGE_BUGREPORT "isl-development@googlegroups.com"
| #define PACKAGE_URL ""
| #define PACKAGE "ppcg"
| #define VERSION "0.08.3"
| /* end confdefs.h.  */
| #include <ac_nonexistent.h>
configure:7533: result: gcc -E
configure:7553: gcc -E  conftest.c
configure:7553: $? = 0
configure:7567: gcc -E  conftest.c
conftest.c:11:28: fatal error: ac_nonexistent.h: No such file or directory
compilation terminated.
configure:7567: $? = 1
configure: failed program was:
| /* confdefs.h */
| #define PACKAGE_NAME "ppcg"
| #define PACKAGE_TARNAME "ppcg"
| #define PACKAGE_VERSION "0.08.3"
| #define PACKAGE_STRING "ppcg 0.08.3"
| #define PACKAGE_BUGREPORT "isl-development@googlegroups.com"
| #define PACKAGE_URL ""
| #define PACKAGE "ppcg"
| #define VERSION "0.08.3"
| /* end confdefs.h.  */
| #include <ac_nonexistent.h>
configure:7596: checking for ANSI C header files
configure:7616: gcc -c -g -O2  conftest.c >&5
configure:7616: $? = 0
configure:7689: gcc -o conftest -g -O2   conftest.c  >&5
configure:7689: $? = 0
configure:7689: ./conftest
configure:7689: $? = 0
configure:7700: result: yes
configure:7713: checking for sys/types.h
configure:7713: gcc -c -g -O2  conftest.c >&5
configure:7713: $? = 0
configure:7713: result: yes
configure:7713: checking for sys/stat.h
configure:7713: gcc -c -g -O2  conftest.c >&5
configure:7713: $? = 0
configure:7713: result: yes
configure:7713: checking for stdlib.h
configure:7713: gcc -c -g -O2  conftest.c >&5
configure:7713: $? = 0
configure:7713: result: yes
configure:7713: checking for string.h
configure:7713: gcc -c -g -O2  conftest.c >&5
configure:7713: $? = 0
configure:7713: result: yes
configure:7713: checking for memory.h
configure:7713: gcc -c -g -O2  conftest.c >&5
configure:7713: $? = 0
configure:7713: result: yes
configure:7713: checking for strings.h
configure:7713: gcc -c -g -O2  conftest.c >&5
configure:7713: $? = 0
configure:7713: result: yes
configure:7713: checking for inttypes.h
configure:7713: gcc -c -g -O2  conftest.c >&5
configure:7713: $? = 0
configure:7713: result: yes
configure:7713: checking for stdint.h
configure:7713: gcc -c -g -O2  conftest.c >&5
configure:7713: $? = 0
configure:7713: result: yes
configure:7713: checking for unistd.h
configure:7713: gcc -c -g -O2  conftest.c >&5
configure:7713: $? = 0
configure:7713: result: yes
configure:7727: checking for dlfcn.h
configure:7727: gcc -c -g -O2  conftest.c >&5
configure:7727: $? = 0
configure:7727: result: yes
configure:7983: checking for objdir
configure:7998: result: .libs
configure:8262: checking if gcc supports -fno-rtti -fno-exceptions
configure:8280: gcc -c -g -O2  -fno-rtti -fno-exceptions conftest.c >&5
cc1: warning: command line option '-fno-rtti' is valid for C++/ObjC++ but not for C
configure:8284: $? = 0
configure:8297: result: no
configure:8655: checking for gcc option to produce PIC
configure:8662: result: -fPIC -DPIC
configure:8670: checking if gcc PIC flag -fPIC -DPIC works
configure:8688: gcc -c -g -O2  -fPIC -DPIC -DPIC conftest.c >&5
configure:8692: $? = 0
configure:8705: result: yes
configure:8734: checking if gcc static flag -static works
configure:8762: result: yes
configure:8777: checking if gcc supports -c -o file.o
configure:8798: gcc -c -g -O2  -o out/conftest2.o conftest.c >&5
configure:8802: $? = 0
configure:8824: result: yes
configure:8832: checking if gcc supports -c -o file.o
configure:8879: result: yes
configure:8912: checking whether the gcc linker (/usr/bin/ld -m elf_x86_64) supports shared libraries
configure:10175: result: yes
configure:10212: checking whether -lc should be explicitly linked in
configure:10220: gcc -c -g -O2  conftest.c >&5
configure:10223: $? = 0
configure:10238: gcc -shared  -fPIC -DPIC conftest.o  -v -Wl,-soname -Wl,conftest -o conftest 2\>\&1 \| /bin/grep  -lc  \>/dev/null 2\>\&1
configure:10241: $? = 0
configure:10255: result: no
configure:10415: checking dynamic linker characteristics
configure:10996: gcc -o conftest -g -O2   -Wl,-rpath -Wl,/foo conftest.c  >&5
configure:10996: $? = 0
configure:11245: result: GNU/Linux ld.so
configure:11367: checking how to hardcode library paths into programs
configure:11392: result: immediate
configure:11940: checking whether stripping libraries is possible
configure:11945: result: yes
configure:11980: checking if libtool supports shared libraries
configure:11982: result: yes
configure:11985: checking whether to build shared libraries
configure:12010: result: yes
configure:12013: checking whether to build static libraries
configure:12017: result: yes
configure:12108: checking for pkg-config
configure:12126: found /usr/bin/pkg-config
configure:12138: result: /usr/bin/pkg-config
configure:12163: checking pkg-config is at least version 0.9.0
configure:12166: result: yes
configure:12178: checking for OpenMP support by gcc
configure:12184: result: yes
configure:12224: gcc -o conftest -g -O2 -fopenmp   conftest.c  >&5
configure:12224: $? = 0
configure:12224: ./conftest
configure:12224: $? = 0
configure:12243: checking CL/opencl.h usability
configure:12243: gcc -c -g -O2  conftest.c >&5
configure:12243: $? = 0
configure:12243: result: yes
configure:12243: checking CL/opencl.h presence
configure:12243: gcc -E  conftest.c
configure:12243: $? = 0
configure:12243: result: yes
configure:12243: checking for CL/opencl.h
configure:12243: result: yes
configure:12246: checking for clGetPlatformIDs in -lOpenCL
configure:12271: gcc -o conftest -g -O2   conftest.c -lOpenCL   >&5
configure:12271: $? = 0
configure:12280: result: yes
configure:12286: checking for OpenCL CPU device
configure:12313: gcc -o conftest -g -O2   conftest.c  -lOpenCL >&5
configure:12313: $? = 0
configure:12313: ./conftest
XRT build version: 2.5.309
Build hash: 9a03790c11f066a5597b133db737cf4683ad84c8
Build date: 2020-02-23 18:51:37
Git branch: 2019.2_PU2
PID: 2474144
UID: 6168
[Sat May  9 15:09:04 2020]
HOST: u14-jaywang
EXE: /curr/jaywang/research/autosa/AutoSA/conftest
[XRT] ERROR: No devices found
[XRT] ERROR: No devices found
[XRT] ERROR: No devices found
configure:12313: $? = 1
configure: program exited with status 1
configure: failed program was:
| /* confdefs.h */
| #define PACKAGE_NAME "ppcg"
| #define PACKAGE_TARNAME "ppcg"
| #define PACKAGE_VERSION "0.08.3"
| #define PACKAGE_STRING "ppcg 0.08.3"
| #define PACKAGE_BUGREPORT "isl-development@googlegroups.com"
| #define PACKAGE_URL ""
| #define PACKAGE "ppcg"
| #define VERSION "0.08.3"
| #define STDC_HEADERS 1
| #define HAVE_SYS_TYPES_H 1
| #define HAVE_SYS_STAT_H 1
| #define HAVE_STDLIB_H 1
| #define HAVE_STRING_H 1
| #define HAVE_MEMORY_H 1
| #define HAVE_STRINGS_H 1
| #define HAVE_INTTYPES_H 1
| #define HAVE_STDINT_H 1
| #define HAVE_UNISTD_H 1
| #define HAVE_DLFCN_H 1
| #define LT_OBJDIR ".libs/"
| /* end confdefs.h.  */
| #include <CL/opencl.h>
| int
| main ()
| {
| 
| 	cl_platform_id platform;
| 	cl_device_id dev;
| 
| 	if (clGetPlatformIDs(1, &platform, NULL) < 0)
| 		return 1;
| 	if (clGetDeviceIDs(platform, CL_DEVICE_TYPE_CPU, 1, &dev, NULL) < 0)
| 		return 1;
| 
|   ;
|   return 0;
| }
configure:12320: result: no
configure:12424: checking which isl to use
configure:12426: result: system
configure:12460: checking for ISL
configure:12467: $PKG_CONFIG --exists --print-errors "isl"
Package isl was not found in the pkg-config search path.
Perhaps you should add the directory containing `isl.pc'
to the PKG_CONFIG_PATH environment variable
No package 'isl' found
configure:12470: $? = 1
configure:12484: $PKG_CONFIG --exists --print-errors "isl"
Package isl was not found in the pkg-config search path.
Perhaps you should add the directory containing `isl.pc'
to the PKG_CONFIG_PATH environment variable
No package 'isl' found
configure:12487: $? = 1
configure:12501: result: no
No package 'isl' found
configure:12517: error: Package requirements (isl) were not met:

No package 'isl' found

Consider adjusting the PKG_CONFIG_PATH environment variable if you
installed software in a non-standard prefix.

Alternatively, you may set the environment variables ISL_CFLAGS
and ISL_LIBS to avoid the need to call pkg-config.
See the pkg-config man page for more details.

## ---------------- ##
## Cache variables. ##
## ---------------- ##

ac_cv_build=x86_64-pc-linux-gnu
ac_cv_c_compiler_gnu=yes
ac_cv_env_CC_set=
ac_cv_env_CC_value=
ac_cv_env_CFLAGS_set=
ac_cv_env_CFLAGS_value=
ac_cv_env_CPPFLAGS_set=
ac_cv_env_CPPFLAGS_value=
ac_cv_env_CPP_set=
ac_cv_env_CPP_value=
ac_cv_env_ISL_CFLAGS_set=
ac_cv_env_ISL_CFLAGS_value=
ac_cv_env_ISL_LIBS_set=
ac_cv_env_ISL_LIBS_value=
ac_cv_env_LDFLAGS_set=
ac_cv_env_LDFLAGS_value=
ac_cv_env_LIBS_set=
ac_cv_env_LIBS_value=
ac_cv_env_LT_SYS_LIBRARY_PATH_set=
ac_cv_env_LT_SYS_LIBRARY_PATH_value=
ac_cv_env_PET_CFLAGS_set=
ac_cv_env_PET_CFLAGS_value=
ac_cv_env_PET_LIBS_set=
ac_cv_env_PET_LIBS_value=
ac_cv_env_PKG_CONFIG_LIBDIR_set=
ac_cv_env_PKG_CONFIG_LIBDIR_value=
ac_cv_env_PKG_CONFIG_PATH_set=set
ac_cv_env_PKG_CONFIG_PATH_value=/opt/novell/mono/share/pkgconfig:/opt/novell/mono/lib64/pkgconfig:/opt/novell/mono/share/pkgconfig:/opt/novell/mono/lib64/pkgconfig:
ac_cv_env_PKG_CONFIG_set=
ac_cv_env_PKG_CONFIG_value=
ac_cv_env_build_alias_set=
ac_cv_env_build_alias_value=
ac_cv_env_host_alias_set=
ac_cv_env_host_alias_value=
ac_cv_env_target_alias_set=
ac_cv_env_target_alias_value=
ac_cv_header_CL_opencl_h=yes
ac_cv_header_dlfcn_h=yes
ac_cv_header_inttypes_h=yes
ac_cv_header_memory_h=yes
ac_cv_header_stdc=yes
ac_cv_header_stdint_h=yes
ac_cv_header_stdlib_h=yes
ac_cv_header_string_h=yes
ac_cv_header_strings_h=yes
ac_cv_header_sys_stat_h=yes
ac_cv_header_sys_types_h=yes
ac_cv_header_unistd_h=yes
ac_cv_host=x86_64-pc-linux-gnu
ac_cv_lib_OpenCL_clGetPlatformIDs=yes
ac_cv_objext=o
ac_cv_path_EGREP='/bin/grep -E'
ac_cv_path_FGREP='/bin/grep -F'
ac_cv_path_GREP=/bin/grep
ac_cv_path_SED=/usr/bin/sed
ac_cv_path_ac_pt_PKG_CONFIG=/usr/bin/pkg-config
ac_cv_path_install='/usr/bin/install -c'
ac_cv_path_lt_DD=/bin/dd
ac_cv_path_mkdir=/usr/bin/mkdir
ac_cv_prog_AWK=mawk
ac_cv_prog_CPP='gcc -E'
ac_cv_prog_ac_ct_AR=ar
ac_cv_prog_ac_ct_CC=gcc
ac_cv_prog_ac_ct_MANIFEST_TOOL=mt
ac_cv_prog_ac_ct_OBJDUMP=objdump
ac_cv_prog_ac_ct_RANLIB=ranlib
ac_cv_prog_ac_ct_STRIP=strip
ac_cv_prog_cc_c89=
ac_cv_prog_cc_g=yes
ac_cv_prog_make_make_set=yes
am_cv_CC_dependencies_compiler_type=gcc3
am_cv_make_support_nested_variables=yes
am_cv_prog_cc_c_o=yes
lt_cv_ar_at_file=@
lt_cv_archive_cmds_need_lc=no
lt_cv_deplibs_check_method=pass_all
lt_cv_file_magic_cmd='$MAGIC_CMD'
lt_cv_file_magic_test_file=
lt_cv_ld_reload_flag=-r
lt_cv_nm_interface='BSD nm'
lt_cv_objdir=.libs
lt_cv_path_LD=/usr/bin/ld
lt_cv_path_NM='/usr/bin/nm -B'
lt_cv_path_mainfest_tool=no
lt_cv_prog_compiler_c_o=yes
lt_cv_prog_compiler_pic='-fPIC -DPIC'
lt_cv_prog_compiler_pic_works=yes
lt_cv_prog_compiler_rtti_exceptions=no
lt_cv_prog_compiler_static_works=yes
lt_cv_prog_gnu_ld=yes
lt_cv_sharedlib_from_linklib_cmd='printf %s\n'
lt_cv_shlibpath_overrides_runpath=no
lt_cv_sys_global_symbol_pipe='sed -n -e '\''s/^.*[	 ]\([ABCDGIRSTW][ABCDGIRSTW]*\)[	 ][	 ]*\([_A-Za-z][_A-Za-z0-9]*\)$/\1 \2 \2/p'\'' | sed '\''/ __gnu_lto/d'\'''
lt_cv_sys_global_symbol_to_c_name_address='sed -n -e '\''s/^: \(.*\) .*$/  {"\1", (void *) 0},/p'\'' -e '\''s/^[ABCDGIRSTW][ABCDGIRSTW]* .* \(.*\)$/  {"\1", (void *) \&\1},/p'\'''
lt_cv_sys_global_symbol_to_c_name_address_lib_prefix='sed -n -e '\''s/^: \(.*\) .*$/  {"\1", (void *) 0},/p'\'' -e '\''s/^[ABCDGIRSTW][ABCDGIRSTW]* .* \(lib.*\)$/  {"\1", (void *) \&\1},/p'\'' -e '\''s/^[ABCDGIRSTW][ABCDGIRSTW]* .* \(.*\)$/  {"lib\1", (void *) \&\1},/p'\'''
lt_cv_sys_global_symbol_to_cdecl='sed -n -e '\''s/^T .* \(.*\)$/extern int \1();/p'\'' -e '\''s/^[ABCDGIRSTW][ABCDGIRSTW]* .* \(.*\)$/extern char \1;/p'\'''
lt_cv_sys_global_symbol_to_import=
lt_cv_sys_max_cmd_len=1572864
lt_cv_to_host_file_cmd=func_convert_file_noop
lt_cv_to_tool_file_cmd=func_convert_file_noop
lt_cv_truncate_bin='/bin/dd bs=4096 count=1'

## ----------------- ##
## Output variables. ##
## ----------------- ##

ACLOCAL='${SHELL} /curr/jaywang/research/autosa/AutoSA/src/build/missing aclocal-1.15'
AMDEPBACKSLASH='\'
AMDEP_FALSE='#'
AMDEP_TRUE=''
AMTAR='$${TAR-tar}'
AM_BACKSLASH='\'
AM_DEFAULT_V='$(AM_DEFAULT_VERBOSITY)'
AM_DEFAULT_VERBOSITY='0'
AM_V='$(V)'
AR='ar'
AUTOCONF='${SHELL} /curr/jaywang/research/autosa/AutoSA/src/build/missing autoconf'
AUTOHEADER='${SHELL} /curr/jaywang/research/autosa/AutoSA/src/build/missing autoheader'
AUTOMAKE='${SHELL} /curr/jaywang/research/autosa/AutoSA/src/build/missing automake-1.15'
AWK='mawk'
BUNDLED_ISL_FALSE=''
BUNDLED_ISL_TRUE='#'
BUNDLED_PET_FALSE=''
BUNDLED_PET_TRUE=''
CC='gcc'
CCDEPMODE='depmode=gcc3'
CFLAGS='-g -O2'
CPP='gcc -E'
CPPFLAGS=''
CYGPATH_W='echo'
DEFS=''
DEPDIR='.deps'
DLLTOOL='false'
DSYMUTIL=''
DUMPBIN=''
ECHO_C=''
ECHO_N='-n'
ECHO_T=''
EGREP='/bin/grep -E'
EXEEXT=''
FGREP='/bin/grep -F'
GIT_HEAD=''
GIT_HEAD_ID=''
GIT_HEAD_VERSION=''
GREP='/bin/grep'
HAVE_OPENCL='no'
HAVE_OPENMP='yes'
INSTALL_DATA='${INSTALL} -m 644'
INSTALL_PROGRAM='${INSTALL}'
INSTALL_SCRIPT='${INSTALL}'
INSTALL_STRIP_PROGRAM='$(install_sh) -c -s'
ISL_CFLAGS=''
ISL_LIBS=''
LD='/usr/bin/ld -m elf_x86_64'
LDFLAGS=''
LIBOBJS=''
LIBS=''
LIBTOOL='$(SHELL) $(top_builddir)/libtool'
LIPO=''
LN_S='ln -s'
LTLIBOBJS=''
LT_SYS_LIBRARY_PATH=''
MAKEINFO='${SHELL} /curr/jaywang/research/autosa/AutoSA/src/build/missing makeinfo'
MANIFEST_TOOL=':'
MKDIR_P='/usr/bin/mkdir -p'
NM='/usr/bin/nm -B'
NMEDIT=''
OBJDUMP='objdump'
OBJEXT='o'
OTOOL64=''
OTOOL=''
PACKAGE='ppcg'
PACKAGE_BUGREPORT='isl-development@googlegroups.com'
PACKAGE_NAME='ppcg'
PACKAGE_STRING='ppcg 0.08.3'
PACKAGE_TARNAME='ppcg'
PACKAGE_URL=''
PACKAGE_VERSION='0.08.3'
PATH_SEPARATOR=':'
PET_CFLAGS=''
PET_LIBS=''
PKG_CONFIG='/usr/bin/pkg-config'
PKG_CONFIG_LIBDIR=''
PKG_CONFIG_PATH='/opt/novell/mono/share/pkgconfig:/opt/novell/mono/lib64/pkgconfig:/opt/novell/mono/share/pkgconfig:/opt/novell/mono/lib64/pkgconfig:'
POLYBENCH_DIR=''
RANLIB='ranlib'
SED='/usr/bin/sed'
SET_MAKE=''
SHELL='/bin/sh'
STRIP='strip'
VERSION='0.08.3'
ac_ct_AR='ar'
ac_ct_CC='gcc'
ac_ct_DUMPBIN=''
am__EXEEXT_FALSE=''
am__EXEEXT_TRUE=''
am__fastdepCC_FALSE='#'
am__fastdepCC_TRUE=''
am__include='include'
am__isrc=' -I$(srcdir)'
am__leading_dot='.'
am__nodep='_no'
am__quote=''
am__tar='$${TAR-tar} chof - "$$tardir"'
am__untar='$${TAR-tar} xf -'
bindir='${exec_prefix}/bin'
build='x86_64-pc-linux-gnu'
build_alias=''
build_cpu='x86_64'
build_os='linux-gnu'
build_vendor='pc'
datadir='${datarootdir}'
datarootdir='${prefix}/share'
docdir='${datarootdir}/doc/${PACKAGE_TARNAME}'
dvidir='${docdir}'
exec_prefix='NONE'
extra_tests=''
host='x86_64-pc-linux-gnu'
host_alias=''
host_cpu='x86_64'
host_os='linux-gnu'
host_vendor='pc'
htmldir='${docdir}'
includedir='${prefix}/include'
infodir='${datarootdir}/info'
install_sh='${SHELL} /curr/jaywang/research/autosa/AutoSA/src/build/install-sh'
libdir='${exec_prefix}/lib'
libexecdir='${exec_prefix}/libexec'
localedir='${datarootdir}/locale'
localstatedir='${prefix}/var'
mandir='${datarootdir}/man'
mkdir_p='$(MKDIR_P)'
oldincludedir='/usr/include'
pdfdir='${docdir}'
prefix='NONE'
program_transform_name='s,x,x,'
psdir='${docdir}'
runstatedir='${localstatedir}/run'
sbindir='${exec_prefix}/sbin'
sharedstatedir='${prefix}/com'
subdirs=''
sysconfdir='${prefix}/etc'
target_alias=''

## ----------- ##
## confdefs.h. ##
## ----------- ##

/* confdefs.h */
#define PACKAGE_NAME "ppcg"
#define PACKAGE_TARNAME "ppcg"
#define PACKAGE_VERSION "0.08.3"
#define PACKAGE_STRING "ppcg 0.08.3"
#define PACKAGE_BUGREPORT "isl-development@googlegroups.com"
#define PACKAGE_URL ""
#define PACKAGE "ppcg"
#define VERSION "0.08.3"
#define STDC_HEADERS 1
#define HAVE_SYS_TYPES_H 1
#define HAVE_SYS_STAT_H 1
#define HAVE_STDLIB_H 1
#define HAVE_STRING_H 1
#define HAVE_MEMORY_H 1
#define HAVE_STRINGS_H 1
#define HAVE_INTTYPES_H 1
#define HAVE_STDINT_H 1
#define HAVE_UNISTD_H 1
#define HAVE_DLFCN_H 1
#define LT_OBJDIR ".libs/"

configure: exit 1
